Arguments: 
  C:\Program Files\nodejs\node.exe C:\Program Files (x86)\Yarn\bin\yarn.js

PATH: 
  C:\Windows\system32;C:\Windows;C:\Windows\System32\Wbem;C:\Windows\System32\WindowsPowerShell\v1.0\;C:\Windows\System32\OpenSSH\;C:\Program Files\Git\cmd;C:\ProgramData\chocolatey\bin;C:\Program Files\TortoiseGit\bin;C:\Program Files (x86)\Yarn\bin\;C:\Program Files (x86)\Intel\Intel(R) Management Engine Components\DAL;C:\Program Files\Intel\Intel(R) Management Engine Components\DAL;C:\Users\User\.windows-build-tools\python27\;C:\Users\User\AppData\Local\Microsoft\WindowsApps;C:\Users\User\AppData\Roaming\npm;C:\Users\User\AppData\Local\Yarn\bin;C:\Program Files\Java\jdk-11.0.11\bin;C:\Users\User\AppData\Local\Android\Sdk;C:\Users\User\AppData\Local\Android\Sdk\platform-tools;C:\Users\User\.android;C:\Users\User\flutter\bin;C:\WINDOWS\system32;C:\WINDOWS;C:\WINDOWS\System32\Wbem;C:\WINDOWS\System32\WindowsPowerShell\v1.0\;C:\WINDOWS\System32\OpenSSH\;C:\Program Files\nodejs\;C:\Users\User\.windows-build-tools\python27\;C:\Users\User\AppData\Local\Microsoft\WindowsApps;C:\Users\User\AppData\Local\Yarn\bin;C:\Users\User\AppData\Local\Programs\Microsoft VS Code\bin;C:\Program Files\Java\jdk-15.0.1\bin;C:\Users\User\.npm-global;C:\Users\User\AppData\Local\Microsoft\WindowsApps;C:\Users\User\AppData\Local\Android\Sdk\platform-tools;C:\Users\User\AppData\Roaming\npm

Yarn version: 
  1.22.5

Node version: 
  14.16.1

Platform: 
  win32 x64

Trace: 
  SyntaxError: C:\Users\User\Desktop\Projects\packages\react-native-simple-datepicker\package.json: Unexpected token } in JSON at position 506
      at JSON.parse (<anonymous>)
      at C:\Program Files (x86)\Yarn\lib\cli.js:1625:59
      at Generator.next (<anonymous>)
      at step (C:\Program Files (x86)\Yarn\lib\cli.js:310:30)
      at C:\Program Files (x86)\Yarn\lib\cli.js:321:13

npm manifest: 
  {
    "name": "react-native-simple-date",
    "version": "1.0.2",
    "description": "Simple date picker",
    "main": "index.js",
    "scripts": {
      "test": "echo \"Error: no test specified\" && exit 1"
    },
    "keywords": [
      "datepicker",
      "react-native",
      "expo"
    ],
    "author": "Frank Pena",
    "license": "ISC",
    "dependencies": {
      "typescript": "^4.3.2",
      "react": "16.13.1",
      "react-dom": "16.13.1",
      "react-native": "https://github.com/expo/react-native/archive/sdk-41.0.0.tar.gz",
  
    }
  }

yarn manifest: 
  No manifest

Lockfile: 
  # THIS IS AN AUTOGENERATED FILE. DO NOT EDIT THIS FILE DIRECTLY.
  # yarn lockfile v1
  
  
  typescript@^4.3.2:
    version "4.3.2"
    resolved "https://registry.yarnpkg.com/typescript/-/typescript-4.3.2.tgz#399ab18aac45802d6f2498de5054fcbbe716a805"
    integrity sha512-zZ4hShnmnoVnAHpVHWpTcxdv7dWP60S2FsydQLV8V5PbS3FifjWFFRiHSWpDJahly88PRyV5teTSLoq4eG7mKw==
